2023-10-11 14:03:45 329 [main] DEBUG org.apache.ibatis.logging.LogFactory - Logging initialized using 'class org.apache.ibatis.logging.log4j2.Log4j2Impl' adapter.
2023-10-11 14:18:12 711 [main] DEBUG org.apache.ibatis.logging.LogFactory - Logging initialized using 'class org.apache.ibatis.logging.log4j2.Log4j2Impl' adapter.
2023-10-11 14:18:13 082 [main] DEBUG org.mybatis.spring.SqlSessionUtils - Creating a new SqlSession
2023-10-11 14:18:13 087 [main] DEBUG org.mybatis.spring.SqlSessionUtils - SqlSession [org.apache.ibatis.session.defaults.DefaultSqlSession@eb6449b] was not registered for synchronization because synchronization is not active
2023-10-11 14:18:13 105 [main] DEBUG org.mybatis.spring.transaction.SpringManagedTransaction - JDBC Connection [HikariProxyConnection@1336775847 wrapping org.mariadb.jdbc.Connection@475835b1] will not be managed by Spring
2023-10-11 14:18:13 116 [main] DEBUG userNS.selectUserById - ==>  Preparing: select * from users where userid=?
2023-10-11 14:18:13 149 [main] DEBUG userNS.selectUserById - ==> Parameters: dooly(String)
2023-10-11 14:18:13 180 [main] DEBUG userNS.selectUserById - <==      Total: 1
2023-10-11 14:18:13 181 [main] DEBUG org.mybatis.spring.SqlSessionUtils - Closing non transactional SqlSession [org.apache.ibatis.session.defaults.DefaultSqlSession@eb6449b]
2023-10-11 14:19:51 745 [main] DEBUG org.apache.ibatis.logging.LogFactory - Logging initialized using 'class org.apache.ibatis.logging.log4j2.Log4j2Impl' adapter.
2023-10-11 14:19:52 143 [main] DEBUG org.mybatis.spring.SqlSessionUtils - Creating a new SqlSession
2023-10-11 14:19:52 149 [main] DEBUG org.mybatis.spring.SqlSessionUtils - SqlSession [org.apache.ibatis.session.defaults.DefaultSqlSession@eb6449b] was not registered for synchronization because synchronization is not active
2023-10-11 14:19:52 168 [main] DEBUG org.mybatis.spring.transaction.SpringManagedTransaction - JDBC Connection [HikariProxyConnection@1336775847 wrapping org.mariadb.jdbc.Connection@475835b1] will not be managed by Spring
2023-10-11 14:19:52 177 [main] DEBUG userNS.selectUserById - ==>  Preparing: select * from users where userid=?
2023-10-11 14:19:52 208 [main] DEBUG userNS.selectUserById - ==> Parameters: dooly(String)
2023-10-11 14:19:52 230 [main] DEBUG userNS.selectUserById - <==      Total: 1
2023-10-11 14:19:52 231 [main] DEBUG org.mybatis.spring.SqlSessionUtils - Closing non transactional SqlSession [org.apache.ibatis.session.defaults.DefaultSqlSession@eb6449b]
2023-10-11 14:20:51 934 [main] DEBUG org.apache.ibatis.logging.LogFactory - Logging initialized using 'class org.apache.ibatis.logging.log4j2.Log4j2Impl' adapter.
2023-10-11 14:20:52 243 [main] DEBUG org.mybatis.spring.SqlSessionUtils - Creating a new SqlSession
2023-10-11 14:20:52 248 [main] DEBUG org.mybatis.spring.SqlSessionUtils - SqlSession [org.apache.ibatis.session.defaults.DefaultSqlSession@eb6449b] was not registered for synchronization because synchronization is not active
2023-10-11 14:20:52 272 [main] DEBUG org.mybatis.spring.transaction.SpringManagedTransaction - JDBC Connection [HikariProxyConnection@1336775847 wrapping org.mariadb.jdbc.Connection@475835b1] will not be managed by Spring
2023-10-11 14:20:52 295 [main] DEBUG userNS.selectUserById - ==>  Preparing: select * from users where userid=?
2023-10-11 14:20:52 317 [main] DEBUG userNS.selectUserById - ==> Parameters: dooly(String)
2023-10-11 14:20:52 340 [main] DEBUG userNS.selectUserById - <==      Total: 1
2023-10-11 14:20:52 351 [main] DEBUG org.mybatis.spring.SqlSessionUtils - Closing non transactional SqlSession [org.apache.ibatis.session.defaults.DefaultSqlSession@eb6449b]
2023-10-11 15:07:41 077 [main] DEBUG org.mybatis.spring.mapper.ClassPathMapperScanner - Identified candidate component class: file [C:\sts3.9-bundle\workspace\MySpringUser\target\classes\myspring\user\dao\mapper\UserMapper.class]
2023-10-11 15:07:41 306 [main] DEBUG org.apache.ibatis.logging.LogFactory - Logging initialized using 'class org.apache.ibatis.logging.log4j2.Log4j2Impl' adapter.
2023-10-11 15:08:54 360 [main] DEBUG org.mybatis.spring.mapper.ClassPathMapperScanner - Identified candidate component class: file [C:\sts3.9-bundle\workspace\MySpringUser\target\classes\myspring\user\dao\mapper\UserMapper.class]
2023-10-11 15:08:54 577 [main] DEBUG org.apache.ibatis.logging.LogFactory - Logging initialized using 'class org.apache.ibatis.logging.log4j2.Log4j2Impl' adapter.
2023-10-11 15:08:54 803 [main] DEBUG org.mybatis.spring.SqlSessionUtils - Creating a new SqlSession
2023-10-11 15:08:54 812 [main] DEBUG org.mybatis.spring.SqlSessionUtils - SqlSession [org.apache.ibatis.session.defaults.DefaultSqlSession@45cff11c] was not registered for synchronization because synchronization is not active
2023-10-11 15:08:54 963 [main] DEBUG org.mybatis.spring.transaction.SpringManagedTransaction - JDBC Connection [HikariProxyConnection@1733056574 wrapping org.mariadb.jdbc.Connection@25f7391e] will not be managed by Spring
2023-10-11 15:08:54 971 [main] DEBUG myspring.user.dao.mapper.UserMapper.selectUserById - ==>  Preparing: select * from users where userid=?
2023-10-11 15:08:54 993 [main] DEBUG myspring.user.dao.mapper.UserMapper.selectUserById - ==> Parameters: dooly(String)
2023-10-11 15:08:55 013 [main] DEBUG myspring.user.dao.mapper.UserMapper.selectUserById - <==      Total: 1
2023-10-11 15:08:55 019 [main] DEBUG org.mybatis.spring.SqlSessionUtils - Closing non transactional SqlSession [org.apache.ibatis.session.defaults.DefaultSqlSession@45cff11c]
2023-10-11 15:16:09 130 [main] DEBUG org.mybatis.spring.mapper.ClassPathMapperScanner - Identified candidate component class: file [C:\sts3.9-bundle\workspace\MySpringUser\target\classes\myspring\user\dao\mapper\UserMapper.class]
2023-10-11 15:16:09 360 [main] DEBUG org.apache.ibatis.logging.LogFactory - Logging initialized using 'class org.apache.ibatis.logging.log4j2.Log4j2Impl' adapter.
2023-10-11 15:16:09 625 [main] DEBUG org.mybatis.spring.SqlSessionUtils - Creating a new SqlSession
2023-10-11 15:16:09 638 [main] DEBUG org.mybatis.spring.SqlSessionUtils - SqlSession [org.apache.ibatis.session.defaults.DefaultSqlSession@45cff11c] was not registered for synchronization because synchronization is not active
2023-10-11 15:16:09 813 [main] DEBUG org.mybatis.spring.transaction.SpringManagedTransaction - JDBC Connection [HikariProxyConnection@1733056574 wrapping org.mariadb.jdbc.Connection@25f7391e] will not be managed by Spring
2023-10-11 15:16:09 820 [main] DEBUG myspring.user.dao.mapper.UserMapper.selectUserById - ==>  Preparing: select * from users where userid=?
2023-10-11 15:16:09 843 [main] DEBUG myspring.user.dao.mapper.UserMapper.selectUserById - ==> Parameters: dooly(String)
2023-10-11 15:16:09 860 [main] DEBUG myspring.user.dao.mapper.UserMapper.selectUserById - <==      Total: 1
2023-10-11 15:16:09 868 [main] DEBUG org.mybatis.spring.SqlSessionUtils - Closing non transactional SqlSession [org.apache.ibatis.session.defaults.DefaultSqlSession@45cff11c]
2023-10-11 15:38:35 087 [main] DEBUG org.mybatis.spring.mapper.ClassPathMapperScanner - Identified candidate component class: file [C:\sts3.9-bundle\workspace\MySpringUser\target\classes\myspring\user\dao\mapper\UserMapper.class]
2023-10-11 15:38:35 304 [main] DEBUG org.apache.ibatis.logging.LogFactory - Logging initialized using 'class org.apache.ibatis.logging.log4j2.Log4j2Impl' adapter.
2023-10-11 15:38:35 534 [main] DEBUG org.mybatis.spring.SqlSessionUtils - Creating a new SqlSession
2023-10-11 15:38:35 544 [main] DEBUG org.mybatis.spring.SqlSessionUtils - SqlSession [org.apache.ibatis.session.defaults.DefaultSqlSession@4d098f9b] was not registered for synchronization because synchronization is not active
2023-10-11 15:38:35 703 [main] DEBUG org.mybatis.spring.transaction.SpringManagedTransaction - JDBC Connection [HikariProxyConnection@1241938981 wrapping org.mariadb.jdbc.Connection@a1217f9] will not be managed by Spring
2023-10-11 15:38:35 710 [main] DEBUG myspring.user.dao.mapper.UserMapper.selectUserById - ==>  Preparing: select * from users where userid=?
2023-10-11 15:38:35 732 [main] DEBUG myspring.user.dao.mapper.UserMapper.selectUserById - ==> Parameters: dooly(String)
2023-10-11 15:38:35 756 [main] DEBUG myspring.user.dao.mapper.UserMapper.selectUserById - <==      Total: 1
2023-10-11 15:38:35 763 [main] DEBUG org.mybatis.spring.SqlSessionUtils - Closing non transactional SqlSession [org.apache.ibatis.session.defaults.DefaultSqlSession@4d098f9b]
2023-10-11 15:38:35 782 [main] DEBUG org.mybatis.spring.SqlSessionUtils - Creating a new SqlSession
2023-10-11 15:38:35 783 [main] DEBUG org.mybatis.spring.SqlSessionUtils - SqlSession [org.apache.ibatis.session.defaults.DefaultSqlSession@538613b3] was not registered for synchronization because synchronization is not active
2023-10-11 15:38:35 786 [main] DEBUG org.mybatis.spring.transaction.SpringManagedTransaction - JDBC Connection [HikariProxyConnection@288919635 wrapping org.mariadb.jdbc.Connection@5db99216] will not be managed by Spring
2023-10-11 15:38:35 786 [main] DEBUG myspring.user.dao.mapper.UserMapper.selectUserById - ==>  Preparing: select * from users where userid=?
2023-10-11 15:38:35 787 [main] DEBUG myspring.user.dao.mapper.UserMapper.selectUserById - ==> Parameters: dooly(String)
2023-10-11 15:38:35 788 [main] DEBUG myspring.user.dao.mapper.UserMapper.selectUserById - <==      Total: 1
2023-10-11 15:38:35 788 [main] DEBUG org.mybatis.spring.SqlSessionUtils - Closing non transactional SqlSession [org.apache.ibatis.session.defaults.DefaultSqlSession@538613b3]
2023-10-11 15:38:53 198 [main] DEBUG org.mybatis.spring.mapper.ClassPathMapperScanner - Identified candidate component class: file [C:\sts3.9-bundle\workspace\MySpringUser\target\classes\myspring\user\dao\mapper\UserMapper.class]
2023-10-11 15:38:53 416 [main] DEBUG org.apache.ibatis.logging.LogFactory - Logging initialized using 'class org.apache.ibatis.logging.log4j2.Log4j2Impl' adapter.
2023-10-11 15:38:53 741 [main] DEBUG org.mybatis.spring.SqlSessionUtils - Creating a new SqlSession
2023-10-11 15:38:53 748 [main] DEBUG org.mybatis.spring.SqlSessionUtils - SqlSession [org.apache.ibatis.session.defaults.DefaultSqlSession@299266e2] was not registered for synchronization because synchronization is not active
2023-10-11 15:38:53 763 [main] DEBUG org.mybatis.spring.transaction.SpringManagedTransaction - JDBC Connection [HikariProxyConnection@583559449 wrapping org.mariadb.jdbc.Connection@70fab835] will not be managed by Spring
2023-10-11 15:38:53 773 [main] DEBUG myspring.user.dao.mapper.UserMapper.selectUserById - ==>  Preparing: select * from users where userid=?
2023-10-11 15:38:53 796 [main] DEBUG myspring.user.dao.mapper.UserMapper.selectUserById - ==> Parameters: dooly(String)
2023-10-11 15:38:53 814 [main] DEBUG myspring.user.dao.mapper.UserMapper.selectUserById - <==      Total: 1
2023-10-11 15:38:53 815 [main] DEBUG org.mybatis.spring.SqlSessionUtils - Closing non transactional SqlSession [org.apache.ibatis.session.defaults.DefaultSqlSession@299266e2]
2023-10-11 21:36:05 750 [main] DEBUG org.mybatis.spring.mapper.ClassPathMapperScanner - Identified candidate component class: file [C:\sts3.9-bundle\workspace\MySpringUser\target\classes\myspring\user\dao\mapper\UserMapper.class]
2023-10-11 21:36:05 935 [main] DEBUG org.apache.ibatis.logging.LogFactory - Logging initialized using 'class org.apache.ibatis.logging.log4j2.Log4j2Impl' adapter.
2023-10-11 21:36:06 014 [main] DEBUG org.mybatis.spring.mapper.ClassPathMapperScanner - Identified candidate component class: file [C:\sts3.9-bundle\workspace\MySpringUser\target\classes\myspring\user\dao\mapper\UserMapper.class]
2023-10-11 21:36:06 031 [main] DEBUG org.apache.ibatis.logging.LogFactory - Logging initialized using 'class org.apache.ibatis.logging.log4j2.Log4j2Impl' adapter.
2023-10-11 21:36:06 101 [main] DEBUG org.mybatis.spring.mapper.ClassPathMapperScanner - Identified candidate component class: file [C:\sts3.9-bundle\workspace\MySpringUser\target\classes\myspring\user\dao\mapper\UserMapper.class]
2023-10-11 21:36:06 119 [main] DEBUG org.apache.ibatis.logging.LogFactory - Logging initialized using 'class org.apache.ibatis.logging.log4j2.Log4j2Impl' adapter.
2023-10-11 21:36:06 207 [main] DEBUG org.mybatis.spring.mapper.ClassPathMapperScanner - Identified candidate component class: file [C:\sts3.9-bundle\workspace\MySpringUser\target\classes\myspring\user\dao\mapper\UserMapper.class]
2023-10-11 21:36:06 225 [main] DEBUG org.apache.ibatis.logging.LogFactory - Logging initialized using 'class org.apache.ibatis.logging.log4j2.Log4j2Impl' adapter.
2023-10-11 21:36:06 280 [main] DEBUG org.mybatis.spring.mapper.ClassPathMapperScanner - Identified candidate component class: file [C:\sts3.9-bundle\workspace\MySpringUser\target\classes\myspring\user\dao\mapper\UserMapper.class]
2023-10-11 21:36:06 297 [main] DEBUG org.apache.ibatis.logging.LogFactory - Logging initialized using 'class org.apache.ibatis.logging.log4j2.Log4j2Impl' adapter.
